b - a: 39
b - a: 39
b - a: 39
b - a: 39
b - a: 39
b - a: 39
b - a: 39
b - a: 39
b - a: 39
b - a: 39
b - a: 39
b - a: 39
b - a: 39
b - a: 39
b - a: 39
b - a: 39
b - a: 39
b - a: 39
b - a: 39
b - a: 39
b - a: 39
b - a: 39
b - a: 39
b - a: 39
b - a: 39
b - a: 39
b - a: 39
b - a: 39
b - a: 39
b - a: 39
b - a: 39
b - a: 39
b - a: 39
b - a: 39
b - a: 39
b - a: 39
b - a: 39
b - a: 39
b - a: 39
b - a: 39
b - a: 39
b - a: 20.0
b - a: 39
b - a: 20.0
b - a: 39
b - a: 20.0
b - a: 39
b - a: 20.0
b - a: 39
b - a: 20.0
b - a: 39
b - a: 20.0
b - a: 39
b - a: 20.0
b - a: 39
b - a: 20.0
b - a: 39
b - a: 20.0
b - a: 39
b - a: 20.0
b - a: 39
b - a: 20.0
b - a: 39
b - a: 20.0
b - a: 39
b - a: 20.0
b - a: 39
b - a: 20.0
b - a: 39
b - a: 20.0
b - a: 39
b - a: 20.0
b - a: 39
b - a: 20.0
b - a: 39
b - a: 20.0
b - a: 39
b - a: 20.0
b - a: 39
b - a: 20.0
b - a: 39
b - a: 20.0
b - a: 39
b - a: 20.0
b - a: 39
b - a: 20.0
b - a: 39
b - a: 20.0
b - a: 39
b - a: 20.0
b - a: 39
b - a: 20.0
b - a: 39
b - a: 20.0
b - a: 39
b - a: 20.0
b - a: 39
b - a: 20.0
b - a: 39
b - a: 20.0
b - a: 39
b - a: 20.0
b - a: 39
b - a: 20.0
b - a: 39
b - a: 20.0
b - a: 39
b - a: 20.0
b - a: 39
b - a: 20.0
b - a: 39
b - a: 20.0
b - a: 39
b - a: 20.0
b - a: 39
b - a: 20.0
b - a: 39
b - a: 20.0
b - a: 39
b - a: 20.0
                                     ***
                                   **   
                                 **     
                               **       
                             **         
                           **           
                         **             
                       **               
                     **                 
                   **                   
                 **                     
               **                       
             **                         
           **                           
         **                             
       **                               
     **                                 
   **                                   
 **                                     
*                                       
